<?xml version="1.0" encoding="UTF-8"?>
<robot generator="Robot 6.0.2 (Python 3.11.3 on win32)" generated="20230526 08:04:04.596" rpa="false" schemaversion="3">
<suite id="s1" name="Konia.Testes" source="c:\Users\Selmo\Desktop\workspace\webtesting\konia.testes.robot">
<test id="s1-t1" name="Caso de testes 03 - Acesso ao menu Contatos e preencher o formulario" line="18">
<kw name="Abrir o navegador" library="konia.resource" type="SETUP">
<kw name="Open Browser" library="SeleniumLibrary">
<arg>browser=chrome</arg>
<doc>Opens a new browser instance to the optional ``url``.</doc>
<msg timestamp="20230526 08:04:05.077" level="INFO">Opening browser 'chrome' to base url 'None'.</msg>
<status status="PASS" starttime="20230526 08:04:05.077" endtime="20230526 08:04:06.938"/>
</kw>
<kw name="Maximize Browser Window" library="SeleniumLibrary">
<doc>Maximizes current browser window.</doc>
<status status="PASS" starttime="20230526 08:04:06.942" endtime="20230526 08:04:07.115"/>
</kw>
<kw name="Sleep" library="BuiltIn">
<arg>3s</arg>
<doc>Pauses the test executed for the given time.</doc>
<msg timestamp="20230526 08:04:10.116" level="INFO">Slept 3 seconds</msg>
<status status="PASS" starttime="20230526 08:04:07.116" endtime="20230526 08:04:10.116"/>
</kw>
<status status="PASS" starttime="20230526 08:04:05.076" endtime="20230526 08:04:10.116"/>
</kw>
<kw name="Dado que o usuário esteja na página home page da Konia.com.br" library="konia.resource">
<kw name="Go To" library="SeleniumLibrary">
<arg>url=${URL}</arg>
<doc>Navigates the current browser window to the provided ``url``.</doc>
<msg timestamp="20230526 08:04:10.120" level="INFO">Opening url 'https://konia.com.br/'</msg>
<status status="PASS" starttime="20230526 08:04:10.120" endtime="20230526 08:04:14.592"/>
</kw>
<status status="PASS" starttime="20230526 08:04:10.119" endtime="20230526 08:04:14.593"/>
</kw>
<kw name="Quando ele clica no menu &quot;Contato&quot;" library="konia.resource">
<kw name="Click Element" library="SeleniumLibrary">
<arg>locator=${Menu_Contato}</arg>
<doc>Click the element identified by ``locator``.</doc>
<msg timestamp="20230526 08:04:14.602" level="INFO">Clicking element '//a[contains(.,'Contato')]'.</msg>
<status status="PASS" starttime="20230526 08:04:14.599" endtime="20230526 08:04:17.281"/>
</kw>
<kw name="Capture Page Screenshot" library="SeleniumLibrary">
<doc>Takes a screenshot of the current page and embeds it into a log file.</doc>
<msg timestamp="20230526 08:04:17.784" level="INFO" html="true">&lt;/td&gt;&lt;/tr&gt;&lt;tr&gt;&lt;td colspan="3"&gt;&lt;a href="selenium-screenshot-30.png"&gt;&lt;img src="selenium-screenshot-30.png" width="800px"&gt;&lt;/a&gt;</msg>
<status status="PASS" starttime="20230526 08:04:17.282" endtime="20230526 08:04:17.785"/>
</kw>
<status status="PASS" starttime="20230526 08:04:14.596" endtime="20230526 08:04:17.786"/>
</kw>
<kw name=" E preencher formulário" library="konia.resource">
<kw name="Input Text" library="SeleniumLibrary">
<arg>//input[contains(@id,'wpforms-520-field_1')]</arg>
<arg>Selmo Cruz</arg>
<doc>Types the given ``text`` into the text field identified by ``locator``.</doc>
<msg timestamp="20230526 08:04:17.791" level="INFO">Typing text 'Selmo Cruz' into text field '//input[contains(@id,'wpforms-520-field_1')]'.</msg>
<status status="PASS" starttime="20230526 08:04:17.788" endtime="20230526 08:04:18.045"/>
</kw>
<kw name="Input Text" library="SeleniumLibrary">
<arg>//input[contains(@id,'wpforms-520-field_2')]</arg>
<arg>selmolc@konia.com.browser</arg>
<doc>Types the given ``text`` into the text field identified by ``locator``.</doc>
<msg timestamp="20230526 08:04:18.046" level="INFO">Typing text 'selmolc@konia.com.browser' into text field '//input[contains(@id,'wpforms-520-field_2')]'.</msg>
<status status="PASS" starttime="20230526 08:04:18.045" endtime="20230526 08:04:18.325"/>
</kw>
<kw name="Input Text" library="SeleniumLibrary">
<arg>//input[contains(@id,'wpforms-520-field_3')]</arg>
<arg>119999-9999</arg>
<doc>Types the given ``text`` into the text field identified by ``locator``.</doc>
<msg timestamp="20230526 08:04:18.326" level="INFO">Typing text '119999-9999' into text field '//input[contains(@id,'wpforms-520-field_3')]'.</msg>
<status status="PASS" starttime="20230526 08:04:18.326" endtime="20230526 08:04:18.639"/>
</kw>
<kw name="Input Text" library="SeleniumLibrary">
<arg>//textarea[contains(@class,'wpforms-field-medium')]</arg>
<arg>Realizando tests automatizados em robotframework</arg>
<doc>Types the given ``text`` into the text field identified by ``locator``.</doc>
<msg timestamp="20230526 08:04:18.641" level="INFO">Typing text 'Realizando tests automatizados em robotframework' into text field '//textarea[contains(@class,'wpforms-field-medium')]'.</msg>
<status status="PASS" starttime="20230526 08:04:18.640" endtime="20230526 08:04:19.085"/>
</kw>
<status status="PASS" starttime="20230526 08:04:17.787" endtime="20230526 08:04:19.085"/>
</kw>
<kw name="Então deverá ser exibido o formulário preenchido" library="konia.resource">
<kw name="Page Should Contain Checkbox" library="SeleniumLibrary">
<arg>locator=//input[contains(@class,'wpforms-error')]</arg>
<doc>Verifies checkbox ``locator`` is found from the current page.</doc>
<msg timestamp="20230526 08:04:19.386" level="INFO" html="true">&lt;/td&gt;&lt;/tr&gt;&lt;tr&gt;&lt;td colspan="3"&gt;&lt;a href="selenium-screenshot-31.png"&gt;&lt;img src="selenium-screenshot-31.png" width="800px"&gt;&lt;/a&gt;</msg>
<msg timestamp="20230526 08:04:19.387" level="FAIL">Page should have contained checkbox '//input[contains(@class,'wpforms-error')]' but did not.</msg>
<status status="FAIL" starttime="20230526 08:04:19.093" endtime="20230526 08:04:19.393"/>
</kw>
<kw name="Select Checkbox" library="SeleniumLibrary">
<arg>locator=//input[contains(@class,'wpforms-error')]</arg>
<doc>Selects the checkbox identified by ``locator``.</doc>
<status status="NOT RUN" starttime="20230526 08:04:19.394" endtime="20230526 08:04:19.395"/>
</kw>
<kw name="Checkbox Should Be Selected" library="SeleniumLibrary">
<arg>locator=//input[contains(@class,'wpforms-error')]</arg>
<doc>Verifies checkbox ``locator`` is selected/checked.</doc>
<status status="NOT RUN" starttime="20230526 08:04:19.395" endtime="20230526 08:04:19.396"/>
</kw>
<kw name="Capture Page Screenshot" library="SeleniumLibrary">
<doc>Takes a screenshot of the current page and embeds it into a log file.</doc>
<status status="NOT RUN" starttime="20230526 08:04:19.396" endtime="20230526 08:04:19.396"/>
</kw>
<status status="FAIL" starttime="20230526 08:04:19.092" endtime="20230526 08:04:19.397"/>
</kw>
<kw name="Fechar o navegador" library="konia.resource" type="TEARDOWN">
<kw name="Capture Page Screenshot" library="SeleniumLibrary">
<doc>Takes a screenshot of the current page and embeds it into a log file.</doc>
<msg timestamp="20230526 08:04:19.705" level="INFO" html="true">&lt;/td&gt;&lt;/tr&gt;&lt;tr&gt;&lt;td colspan="3"&gt;&lt;a href="selenium-screenshot-32.png"&gt;&lt;img src="selenium-screenshot-32.png" width="800px"&gt;&lt;/a&gt;</msg>
<status status="PASS" starttime="20230526 08:04:19.413" endtime="20230526 08:04:19.706"/>
</kw>
<status status="PASS" starttime="20230526 08:04:19.412" endtime="20230526 08:04:19.707"/>
</kw>
<status status="FAIL" starttime="20230526 08:04:05.074" endtime="20230526 08:04:19.744">Page should have contained checkbox '//input[contains(@class,'wpforms-error')]' but did not.</status>
</test>
<status status="FAIL" starttime="20230526 08:04:04.616" endtime="20230526 08:04:19.787"/>
</suite>
<statistics>
<total>
<stat pass="0" fail="1" skip="0">All Tests</stat>
</total>
<tag>
</tag>
<suite>
<stat pass="0" fail="1" skip="0" id="s1" name="Konia.Testes">Konia.Testes</stat>
</suite>
</statistics>
<errors>
</errors>
</robot>
